

============================== 2023-10-06 06:39:43.784821 | 6bb39d1b-003b-4cae-b5ae-fb36dcfe7cf9 ==============================
06:39:43.784821 [info ] [MainThread]: Running with dbt=1.0.9
06:39:43.785182 [debug] [MainThread]: running dbt with arguments Namespace(record_timing_info=None, debug=None, log_format=None, write_json=None, use_colors=None, printer_width=None, warn_error=None, version_check=None, partial_parse=None, single_threaded=False, use_experimental_parser=None, static_parser=None, profiles_dir='/home/lap10/.dbt', send_anonymous_usage_stats=None, fail_fast=None, event_buffer_size=None, project_dir=None, profile=None, target=None, vars='{}', log_cache_events=False, project_name=None, skip_profile_setup=False, defer=None, state=None, cls=<class 'dbt.task.init.InitTask'>, which='init', rpc_method=None)
06:39:43.785413 [debug] [MainThread]: Tracking: tracking
06:39:43.786375 [debug] [MainThread]: Sending event: {'category': 'dbt', 'action': 'invocation', 'label': 'start', 'context': [<snowplow_tracker.self_describing_json.SelfDescribingJson object at 0x7faccbb07940>, <snowplow_tracker.self_describing_json.SelfDescribingJson object at 0x7faccbb535b0>, <snowplow_tracker.self_describing_json.SelfDescribingJson object at 0x7faccbb53820>]}
06:39:55.741002 [debug] [MainThread]: Starter project path: /usr/local/lib/python3.10/dist-packages/dbt/include/starter_project
06:40:06.874642 [info ] [MainThread]: Profile air_byte_test written to /home/lap10/.dbt/profiles.yml using target's profile_template.yml and your supplied values. Run 'dbt debug' to validate the connection.
06:40:06.875434 [info ] [MainThread]: 
Your new dbt project "air_byte_test" was created!

For more information on how to configure the profiles.yml file,
please consult the dbt documentation here:

  https://docs.getdbt.com/docs/configure-your-profile

One more thing:

Need help? Don't hesitate to reach out to us via GitHub issues or on Slack:

  https://community.getdbt.com/

Happy modeling!

06:40:06.875959 [debug] [MainThread]: Sending event: {'category': 'dbt', 'action': 'invocation', 'label': 'end', 'context': [<snowplow_tracker.self_describing_json.SelfDescribingJson object at 0x7faca9fba5c0>, <snowplow_tracker.self_describing_json.SelfDescribingJson object at 0x7faca9fbbc40>, <snowplow_tracker.self_describing_json.SelfDescribingJson object at 0x7faca9fb9ea0>]}


============================== 2023-10-06 06:40:43.762411 | 0433fdb2-226f-4020-9687-109ab57b285d ==============================
06:40:43.762411 [info ] [MainThread]: Running with dbt=1.0.9
06:40:43.762809 [debug] [MainThread]: running dbt with arguments Namespace(record_timing_info=None, debug=None, log_format=None, write_json=None, use_colors=None, printer_width=None, warn_error=None, version_check=None, partial_parse=None, single_threaded=False, use_experimental_parser=None, static_parser=None, profiles_dir='/home/lap10/.dbt', send_anonymous_usage_stats=None, fail_fast=None, event_buffer_size=None, project_dir=None, profile=None, target=None, vars='{}', log_cache_events=False, config_dir=False, defer=None, state=None, cls=<class 'dbt.task.debug.DebugTask'>, which='debug', rpc_method=None)
06:40:43.763069 [debug] [MainThread]: Tracking: tracking
06:40:43.764012 [debug] [MainThread]: Sending event: {'category': 'dbt', 'action': 'invocation', 'label': 'start', 'context': [<snowplow_tracker.self_describing_json.SelfDescribingJson object at 0x7fe6a6617340>, <snowplow_tracker.self_describing_json.SelfDescribingJson object at 0x7fe6a6663880>, <snowplow_tracker.self_describing_json.SelfDescribingJson object at 0x7fe6a6663670>]}
06:40:44.147592 [debug] [MainThread]: Executing "git --help"
06:40:44.148861 [debug] [MainThread]: STDOUT: "b"usage: git [--version] [--help] [-C <path>] [-c <name>=<value>]\n           [--exec-path[=<path>]] [--html-path] [--man-path] [--info-path]\n           [-p | --paginate | -P | --no-pager] [--no-replace-objects] [--bare]\n           [--git-dir=<path>] [--work-tree=<path>] [--namespace=<name>]\n           [--super-prefix=<path>] [--config-env=<name>=<envvar>]\n           <command> [<args>]\n\nThese are common Git commands used in various situations:\n\nstart a working area (see also: git help tutorial)\n   clone     Clone a repository into a new directory\n   init      Create an empty Git repository or reinitialize an existing one\n\nwork on the current change (see also: git help everyday)\n   add       Add file contents to the index\n   mv        Move or rename a file, a directory, or a symlink\n   restore   Restore working tree files\n   rm        Remove files from the working tree and from the index\n\nexamine the history and state (see also: git help revisions)\n   bisect    Use binary search to find the commit that introduced a bug\n   diff      Show changes between commits, commit and working tree, etc\n   grep      Print lines matching a pattern\n   log       Show commit logs\n   show      Show various types of objects\n   status    Show the working tree status\n\ngrow, mark and tweak your common history\n   branch    List, create, or delete branches\n   commit    Record changes to the repository\n   merge     Join two or more development histories together\n   rebase    Reapply commits on top of another base tip\n   reset     Reset current HEAD to the specified state\n   switch    Switch branches\n   tag       Create, list, delete or verify a tag object signed with GPG\n\ncollaborate (see also: git help workflows)\n   fetch     Download objects and refs from another repository\n   pull      Fetch from and integrate with another repository or a local branch\n   push      Update remote refs along with associated objects\n\n'git help -a' and 'git help -g' list available subcommands and some\nconcept guides. See 'git help <command>' or 'git help <concept>'\nto read about a specific subcommand or concept.\nSee 'git help git' for an overview of the system.\n""
06:40:44.149112 [debug] [MainThread]: STDERR: "b''"
06:40:44.149965 [debug] [MainThread]: Acquiring new snowflake connection "debug"
06:40:44.150439 [debug] [MainThread]: Using snowflake connection "debug"
06:40:44.150657 [debug] [MainThread]: On debug: select 1 as id
06:40:44.150847 [debug] [MainThread]: Opening a new connection, currently in state init
06:41:17.861180 [debug] [MainThread]: Connection 'debug' was properly closed.


============================== 2023-10-06 06:41:22.601512 | c5ada9f8-3ad1-4e41-a013-3444c7a58b86 ==============================
06:41:22.601512 [info ] [MainThread]: Running with dbt=1.0.9
06:41:22.601901 [debug] [MainThread]: running dbt with arguments Namespace(record_timing_info=None, debug=None, log_format=None, write_json=None, use_colors=None, printer_width=None, warn_error=None, version_check=None, partial_parse=None, single_threaded=False, use_experimental_parser=None, static_parser=None, profiles_dir='/home/lap10/.dbt', send_anonymous_usage_stats=None, fail_fast=None, event_buffer_size=None, project_dir=None, profile=None, target=None, vars='{}', log_cache_events=False, config_dir=False, defer=None, state=None, cls=<class 'dbt.task.debug.DebugTask'>, which='debug', rpc_method=None)
06:41:22.602163 [debug] [MainThread]: Tracking: tracking
06:41:22.603161 [debug] [MainThread]: Sending event: {'category': 'dbt', 'action': 'invocation', 'label': 'start', 'context': [<snowplow_tracker.self_describing_json.SelfDescribingJson object at 0x7f025230f100>, <snowplow_tracker.self_describing_json.SelfDescribingJson object at 0x7f025235b970>, <snowplow_tracker.self_describing_json.SelfDescribingJson object at 0x7f025235b760>]}
06:41:22.991785 [debug] [MainThread]: Executing "git --help"
06:41:22.993083 [debug] [MainThread]: STDOUT: "b"usage: git [--version] [--help] [-C <path>] [-c <name>=<value>]\n           [--exec-path[=<path>]] [--html-path] [--man-path] [--info-path]\n           [-p | --paginate | -P | --no-pager] [--no-replace-objects] [--bare]\n           [--git-dir=<path>] [--work-tree=<path>] [--namespace=<name>]\n           [--super-prefix=<path>] [--config-env=<name>=<envvar>]\n           <command> [<args>]\n\nThese are common Git commands used in various situations:\n\nstart a working area (see also: git help tutorial)\n   clone     Clone a repository into a new directory\n   init      Create an empty Git repository or reinitialize an existing one\n\nwork on the current change (see also: git help everyday)\n   add       Add file contents to the index\n   mv        Move or rename a file, a directory, or a symlink\n   restore   Restore working tree files\n   rm        Remove files from the working tree and from the index\n\nexamine the history and state (see also: git help revisions)\n   bisect    Use binary search to find the commit that introduced a bug\n   diff      Show changes between commits, commit and working tree, etc\n   grep      Print lines matching a pattern\n   log       Show commit logs\n   show      Show various types of objects\n   status    Show the working tree status\n\ngrow, mark and tweak your common history\n   branch    List, create, or delete branches\n   commit    Record changes to the repository\n   merge     Join two or more development histories together\n   rebase    Reapply commits on top of another base tip\n   reset     Reset current HEAD to the specified state\n   switch    Switch branches\n   tag       Create, list, delete or verify a tag object signed with GPG\n\ncollaborate (see also: git help workflows)\n   fetch     Download objects and refs from another repository\n   pull      Fetch from and integrate with another repository or a local branch\n   push      Update remote refs along with associated objects\n\n'git help -a' and 'git help -g' list available subcommands and some\nconcept guides. See 'git help <command>' or 'git help <concept>'\nto read about a specific subcommand or concept.\nSee 'git help git' for an overview of the system.\n""
06:41:22.993336 [debug] [MainThread]: STDERR: "b''"
06:41:22.994165 [debug] [MainThread]: Acquiring new snowflake connection "debug"
06:41:22.994637 [debug] [MainThread]: Using snowflake connection "debug"
06:41:22.994848 [debug] [MainThread]: On debug: select 1 as id
06:41:22.995029 [debug] [MainThread]: Opening a new connection, currently in state init
06:41:29.533968 [debug] [MainThread]: Connection 'debug' was properly closed.


============================== 2023-10-06 06:41:39.528858 | fdf6ce9f-8b10-43b1-80fd-73ac44c62618 ==============================
06:41:39.528858 [info ] [MainThread]: Running with dbt=1.0.9
06:41:39.529286 [debug] [MainThread]: running dbt with arguments Namespace(record_timing_info=None, debug=None, log_format=None, write_json=None, use_colors=None, printer_width=None, warn_error=None, version_check=None, partial_parse=None, single_threaded=False, use_experimental_parser=None, static_parser=None, profiles_dir='/home/lap10/Desktop/inveX/DBT/airbyte_dbt_test', send_anonymous_usage_stats=None, fail_fast=None, event_buffer_size=None, project_dir=None, profile=None, target=None, vars='{}', log_cache_events=False, config_dir=False, defer=None, state=None, cls=<class 'dbt.task.debug.DebugTask'>, which='debug', rpc_method=None)
06:41:39.529500 [debug] [MainThread]: Tracking: tracking
06:41:39.530592 [debug] [MainThread]: Sending event: {'category': 'dbt', 'action': 'invocation', 'label': 'start', 'context': [<snowplow_tracker.self_describing_json.SelfDescribingJson object at 0x7ffb3904b910>, <snowplow_tracker.self_describing_json.SelfDescribingJson object at 0x7ffb3904b7f0>, <snowplow_tracker.self_describing_json.SelfDescribingJson object at 0x7ffb3904bd90>]}
06:41:39.541467 [debug] [MainThread]: Executing "git --help"
06:41:39.543240 [debug] [MainThread]: STDOUT: "b"usage: git [--version] [--help] [-C <path>] [-c <name>=<value>]\n           [--exec-path[=<path>]] [--html-path] [--man-path] [--info-path]\n           [-p | --paginate | -P | --no-pager] [--no-replace-objects] [--bare]\n           [--git-dir=<path>] [--work-tree=<path>] [--namespace=<name>]\n           [--super-prefix=<path>] [--config-env=<name>=<envvar>]\n           <command> [<args>]\n\nThese are common Git commands used in various situations:\n\nstart a working area (see also: git help tutorial)\n   clone     Clone a repository into a new directory\n   init      Create an empty Git repository or reinitialize an existing one\n\nwork on the current change (see also: git help everyday)\n   add       Add file contents to the index\n   mv        Move or rename a file, a directory, or a symlink\n   restore   Restore working tree files\n   rm        Remove files from the working tree and from the index\n\nexamine the history and state (see also: git help revisions)\n   bisect    Use binary search to find the commit that introduced a bug\n   diff      Show changes between commits, commit and working tree, etc\n   grep      Print lines matching a pattern\n   log       Show commit logs\n   show      Show various types of objects\n   status    Show the working tree status\n\ngrow, mark and tweak your common history\n   branch    List, create, or delete branches\n   commit    Record changes to the repository\n   merge     Join two or more development histories together\n   rebase    Reapply commits on top of another base tip\n   reset     Reset current HEAD to the specified state\n   switch    Switch branches\n   tag       Create, list, delete or verify a tag object signed with GPG\n\ncollaborate (see also: git help workflows)\n   fetch     Download objects and refs from another repository\n   pull      Fetch from and integrate with another repository or a local branch\n   push      Update remote refs along with associated objects\n\n'git help -a' and 'git help -g' list available subcommands and some\nconcept guides. See 'git help <command>' or 'git help <concept>'\nto read about a specific subcommand or concept.\nSee 'git help git' for an overview of the system.\n""
06:41:39.543910 [debug] [MainThread]: STDERR: "b''"
06:41:39.544379 [debug] [MainThread]: Sending event: {'category': 'dbt', 'action': 'invocation', 'label': 'end', 'context': [<snowplow_tracker.self_describing_json.SelfDescribingJson object at 0x7ffb390c1e40>, <snowplow_tracker.self_describing_json.SelfDescribingJson object at 0x7ffb390c1d50>, <snowplow_tracker.self_describing_json.SelfDescribingJson object at 0x7ffb390c1ed0>]}


============================== 2023-10-06 06:42:31.290160 | 1d1d128b-0e0a-46fe-8eb7-52216fb22eb8 ==============================
06:42:31.290160 [info ] [MainThread]: Running with dbt=1.0.9
06:42:31.290549 [debug] [MainThread]: running dbt with arguments Namespace(record_timing_info=None, debug=None, log_format=None, write_json=None, use_colors=None, printer_width=None, warn_error=None, version_check=None, partial_parse=None, single_threaded=False, use_experimental_parser=None, static_parser=None, profiles_dir='/home/lap10/Desktop/inveX/DBT/airbyte_dbt_test', send_anonymous_usage_stats=None, fail_fast=None, event_buffer_size=None, project_dir=None, profile=None, target=None, vars='{}', log_cache_events=False, config_dir=False, defer=None, state=None, cls=<class 'dbt.task.debug.DebugTask'>, which='debug', rpc_method=None)
06:42:31.290785 [debug] [MainThread]: Tracking: tracking
06:42:31.291844 [debug] [MainThread]: Sending event: {'category': 'dbt', 'action': 'invocation', 'label': 'start', 'context': [<snowplow_tracker.self_describing_json.SelfDescribingJson object at 0x7f02d53feb00>, <snowplow_tracker.self_describing_json.SelfDescribingJson object at 0x7f02d524b8b0>, <snowplow_tracker.self_describing_json.SelfDescribingJson object at 0x7f02d524b640>]}
06:42:31.673034 [debug] [MainThread]: Executing "git --help"
06:42:31.674337 [debug] [MainThread]: STDOUT: "b"usage: git [--version] [--help] [-C <path>] [-c <name>=<value>]\n           [--exec-path[=<path>]] [--html-path] [--man-path] [--info-path]\n           [-p | --paginate | -P | --no-pager] [--no-replace-objects] [--bare]\n           [--git-dir=<path>] [--work-tree=<path>] [--namespace=<name>]\n           [--super-prefix=<path>] [--config-env=<name>=<envvar>]\n           <command> [<args>]\n\nThese are common Git commands used in various situations:\n\nstart a working area (see also: git help tutorial)\n   clone     Clone a repository into a new directory\n   init      Create an empty Git repository or reinitialize an existing one\n\nwork on the current change (see also: git help everyday)\n   add       Add file contents to the index\n   mv        Move or rename a file, a directory, or a symlink\n   restore   Restore working tree files\n   rm        Remove files from the working tree and from the index\n\nexamine the history and state (see also: git help revisions)\n   bisect    Use binary search to find the commit that introduced a bug\n   diff      Show changes between commits, commit and working tree, etc\n   grep      Print lines matching a pattern\n   log       Show commit logs\n   show      Show various types of objects\n   status    Show the working tree status\n\ngrow, mark and tweak your common history\n   branch    List, create, or delete branches\n   commit    Record changes to the repository\n   merge     Join two or more development histories together\n   rebase    Reapply commits on top of another base tip\n   reset     Reset current HEAD to the specified state\n   switch    Switch branches\n   tag       Create, list, delete or verify a tag object signed with GPG\n\ncollaborate (see also: git help workflows)\n   fetch     Download objects and refs from another repository\n   pull      Fetch from and integrate with another repository or a local branch\n   push      Update remote refs along with associated objects\n\n'git help -a' and 'git help -g' list available subcommands and some\nconcept guides. See 'git help <command>' or 'git help <concept>'\nto read about a specific subcommand or concept.\nSee 'git help git' for an overview of the system.\n""
06:42:31.674608 [debug] [MainThread]: STDERR: "b''"
06:42:31.675427 [debug] [MainThread]: Acquiring new snowflake connection "debug"
06:42:31.675899 [debug] [MainThread]: Using snowflake connection "debug"
06:42:31.676112 [debug] [MainThread]: On debug: select 1 as id
06:42:31.676301 [debug] [MainThread]: Opening a new connection, currently in state init
06:42:32.663221 [debug] [MainThread]: SQL status: SUCCESS 1 in 0.99 seconds
06:42:32.665082 [debug] [MainThread]: On debug: Close
06:42:32.855238 [debug] [MainThread]: Sending event: {'category': 'dbt', 'action': 'invocation', 'label': 'end', 'context': [<snowplow_tracker.self_describing_json.SelfDescribingJson object at 0x7f02d53fe2f0>, <snowplow_tracker.self_describing_json.SelfDescribingJson object at 0x7f02d53ff280>, <snowplow_tracker.self_describing_json.SelfDescribingJson object at 0x7f02b369bd00>]}
06:42:34.559192 [debug] [MainThread]: Connection 'debug' was properly closed.
